#
# There is insufficient memory for the Java Runtime Environment to continue.
# Native memory allocation (mmap) failed to map 134217728 bytes for G1 virtual space
# Possible reasons:
#   The system is out of physical RAM or swap space
#   The process is running with CompressedOops enabled, and the Java Heap may be blocking the growth of the native heap
# Possible solutions:
#   Reduce memory load on the system
#   Increase physical memory or swap space
#   Check if swap backing store is full
#   Decrease Java heap size (-Xmx/-Xms)
#   Decrease number of Java threads
#   Decrease Java thread stack sizes (-Xss)
#   Set larger code cache with -XX:ReservedCodeCacheSize=
#   JVM is running with Unscaled Compressed Oops mode in which the Java heap is
#     placed in the first 4GB address space. The Java Heap base address is the
#     maximum limit for the native heap growth. Please use -XX:HeapBaseMinAddress
#     to set the Java Heap base and to place the Java Heap above 4GB virtual address.
# This output file may be truncated or incomplete.
#
#  Out of Memory Error (os_windows.cpp:3530), pid=8956, tid=7984
#
# JRE version:  (18.0.2+9) (build )
# Java VM: Java HotSpot(TM) 64-Bit Server VM (18.0.2+9-61, mixed mode, sharing, tiered, compressed oops, compressed class ptrs, g1 gc, windows-amd64)
# No core dump will be written. Minidumps are not enabled by default on client versions of Windows
#

---------------  S U M M A R Y ------------

Command Line: -Dfile.encoding=MS949 -XX:+ShowCodeDetailsInExceptionMessages java1.ch4배열.EX3_틱택토게임

Host: Intel(R) Core(TM) i5-4670 CPU @ 3.40GHz, 4 cores, 7G,  Windows 10 , 64 bit Build 18362 (10.0.18362.1500)
Time: Mon Sep  5 19:54:29 2022 대한민국 표준시 elapsed time: 0.016148 seconds (0d 0h 0m 0s)

---------------  T H R E A D  ---------------

Current thread (0x000001d8d5e50b30):  JavaThread "Unknown thread" [_thread_in_vm, id=7984, stack(0x000000b78b600000,0x000000b78b700000)]

Stack: [0x000000b78b600000,0x000000b78b700000]
Native frames: (J=compiled Java code, j=interpreted, Vv=VM code, C=native code)
V  [jvm.dll+0x6993ca]
V  [jvm.dll+0x7f481d]
V  [jvm.dll+0x7f612e]
V  [jvm.dll+0x7f67e3]
V  [jvm.dll+0x25cdaf]
V  [jvm.dll+0x696319]
V  [jvm.dll+0x68ae4a]
V  [jvm.dll+0x3223eb]
V  [jvm.dll+0x329dc6]
V  [jvm.dll+0x37eade]
V  [jvm.dll+0x37ed0f]
V  [jvm.dll+0x2fa16a]
V  [jvm.dll+0x2fb1cd]
V  [jvm.dll+0x7c3450]
V  [jvm.dll+0x38be61]
V  [jvm.dll+0x7a2073]
V  [jvm.dll+0x40dc3f]
V  [jvm.dll+0x40f611]
C  [jli.dll+0x526b]
C  [ucrtbase.dll+0x210b2]
C  [KERNEL32.DLL+0x17c24]
C  [ntdll.dll+0x6d721]


---------------  P R O C E S S  ---------------

Threads class SMR info:
_java_thread_list=0x00007ff8f274e550, length=0, elements={
}

Java Threads: ( => current thread )

Other Threads:
  0x000001d8d5eb26c0 WorkerThread "GC Thread#0" [stack: 0x000000b78b700000,0x000000b78b800000] [id=7988]
  0x000001d8d5ec4be0 ConcurrentGCThread "G1 Main Marker" [stack: 0x000000b78b800000,0x000000b78b900000] [id=7992]
  0x000001d8d5ec55d0 WorkerThread "G1 Conc#0" [stack: 0x000000b78b900000,0x000000b78ba00000] [id=8000]

[error occurred during error reporting (printing all threads), id 0xc0000005, EXCEPTION_ACCESS_VIOLATION (0xc0000005) at pc=0x00007ff8f1f7a707]

VM state: not at safepoint (not fully initialized)

VM Mutex/Monitor currently owned by a thread:  ([mutex/lock_event])
[0x000001d8d3bd3250] Heap_lock - owner thread: 0x000001d8d5e50b30

Heap address: 0x0000000080e00000, size: 2034 MB, Compressed Oops mode: 32-bit

CDS archive(s) mapped at: [0x0000000000000000-0x0000000000000000-0x0000000000000000), size 0, SharedBaseAddress: 0x0000000800000000, ArchiveRelocationMode: 0.
Narrow klass base: 0x0000000000000000, Narrow klass shift: 0, Narrow klass range: 0x0

GC Precious Log:
 CardTable entry size: 512
 Card Set container configuration: InlinePtr #cards 5 size 8 Array Of Cards #cards 12 size 40 Howl #buckets 4 coarsen threshold 1843 Howl Bitmap #cards 512 size 80 coarsen threshold 460 Card regions per heap region 1 cards per card region 2048

Heap:
 garbage-first heap   total 0K, used 0K [0x0000000080e00000, 0x0000000100000000)
  region size 1024K, 0 young (0K), 0 survivors (0K)

[error occurred during error reporting (printing heap information), id 0xc0000005, EXCEPTION_ACCESS_VIOLATION (0xc0000005) at pc=0x00007ff8f2361859]

GC Heap History (0 events):
No events

Deoptimization events (0 events):
No events

Classes loaded (0 events):
No events

Classes unloaded (0 events):
No events

Classes redefined (0 events):
No events

Internal exceptions (0 events):
No events

VM Operations (0 events):
No events

Events (1 events):
Event: 0.009 Loaded shared library C:\Program Files\Java\jdk-18.0.2\bin\java.dll


Dynamic libraries:
0x00007ff60e5f0000 - 0x00007ff60e600000 	C:\Program Files\Java\jdk-18.0.2\bin\javaw.exe
0x00007ff92daa0000 - 0x00007ff92dc90000 	C:\Windows\SYSTEM32\ntdll.dll
0x00007ff92bbe0000 - 0x00007ff92bc92000 	C:\Windows\System32\KERNEL32.DLL
0x00007ff92ade0000 - 0x00007ff92b085000 	C:\Windows\System32\KERNELBASE.dll
0x00007ff92aa40000 - 0x00007ff92ab3a000 	C:\Windows\System32\ucrtbase.dll
0x00007ff90e400000 - 0x00007ff90e418000 	C:\Program Files\Java\jdk-18.0.2\bin\jli.dll
0x00007ff92d9b0000 - 0x00007ff92da53000 	C:\Windows\System32\ADVAPI32.dll
0x00007ff92d1d0000 - 0x00007ff92d26e000 	C:\Windows\System32\msvcrt.dll
0x00007ff92d910000 - 0x00007ff92d9a7000 	C:\Windows\System32\sechost.dll
0x00007ff92bd00000 - 0x00007ff92be1f000 	C:\Windows\System32\RPCRT4.dll
0x00007ff92cc20000 - 0x00007ff92cdb4000 	C:\Windows\System32\USER32.dll
0x00007ff92ab40000 - 0x00007ff92ab61000 	C:\Windows\System32\win32u.dll
0x00007ff92d8e0000 - 0x00007ff92d906000 	C:\Windows\System32\GDI32.dll
0x00007ff92ac40000 - 0x00007ff92add8000 	C:\Windows\System32\gdi32full.dll
0x00007ff92b2a0000 - 0x00007ff92b33e000 	C:\Windows\System32\msvcp_win.dll
0x00007ff91eee0000 - 0x00007ff91eefa000 	C:\Program Files\Java\jdk-18.0.2\bin\VCRUNTIME140.dll
0x00007ff918e90000 - 0x00007ff919114000 	C:\Windows\WinSxS\amd64_microsoft.windows.common-controls_6595b64144ccf1df_6.0.18362.1500_none_9e79be6de462295c\COMCTL32.dll
0x00007ff92d320000 - 0x00007ff92d656000 	C:\Windows\System32\combase.dll
0x00007ff92bac0000 - 0x00007ff92bb41000 	C:\Windows\System32\bcryptPrimitives.dll
0x00007ff924d50000 - 0x00007ff924d5a000 	C:\Windows\SYSTEM32\VERSION.dll
0x00007ff92cb70000 - 0x00007ff92cb9e000 	C:\Windows\System32\IMM32.DLL
0x00007ff91f6a0000 - 0x00007ff91f6ac000 	C:\Program Files\Java\jdk-18.0.2\bin\vcruntime140_1.dll
0x00007ff8f77a0000 - 0x00007ff8f782d000 	C:\Program Files\Java\jdk-18.0.2\bin\msvcp140.dll
0x00007ff8f1c70000 - 0x00007ff8f2881000 	C:\Program Files\Java\jdk-18.0.2\bin\server\jvm.dll
0x00007ff92bbd0000 - 0x00007ff92bbd8000 	C:\Windows\System32\PSAPI.DLL
0x00007ff9287d0000 - 0x00007ff9287f4000 	C:\Windows\SYSTEM32\WINMM.dll
0x00007ff91ed60000 - 0x00007ff91ed69000 	C:\Windows\SYSTEM32\WSOCK32.dll
0x00007ff92d710000 - 0x00007ff92d77f000 	C:\Windows\System32\WS2_32.dll
0x00007ff9287a0000 - 0x00007ff9287cd000 	C:\Windows\SYSTEM32\WINMMBASE.dll
0x00007ff92ab70000 - 0x00007ff92abba000 	C:\Windows\System32\cfgmgr32.dll
0x00007ff92a980000 - 0x00007ff92a991000 	C:\Windows\System32\kernel.appcore.dll
0x00007ff917df0000 - 0x00007ff917dfa000 	C:\Program Files\Java\jdk-18.0.2\bin\jimage.dll
0x00007ff918620000 - 0x00007ff918814000 	C:\Windows\SYSTEM32\DBGHELP.DLL
0x00007ff9179c0000 - 0x00007ff9179ea000 	C:\Windows\SYSTEM32\dbgcore.DLL
0x00007ff9078b0000 - 0x00007ff9078d5000 	C:\Program Files\Java\jdk-18.0.2\bin\java.dll

dbghelp: loaded successfully - version: 4.0.5 - missing functions: none
symbol engine: initialized successfully - sym options: 0x614 - pdb path: .;C:\Program Files\Java\jdk-18.0.2\bin;C:\Windows\SYSTEM32;C:\Windows\WinSxS\amd64_microsoft.windows.common-controls_6595b64144ccf1df_6.0.18362.1500_none_9e79be6de462295c;C:\Program Files\Java\jdk-18.0.2\bin\server

VM Arguments:
jvm_args: -Dfile.encoding=MS949 -XX:+ShowCodeDetailsInExceptionMessages 
java_command: java1.ch4배열.EX3_틱택토게임
java_class_path (initial): C:\Users\win7\git\EZEN_STUDY\backend\bin
Launcher Type: SUN_STANDARD

[Global flags]
     intx CICompilerCount                          = 3                                         {product} {ergonomic}
     uint ConcGCThreads                            = 1                                         {product} {ergonomic}
     uint G1ConcRefinementThreads                  = 4                                         {product} {ergonomic}
   size_t G1HeapRegionSize                         = 1048576                                   {product} {ergonomic}
    uintx GCDrainStackTargetSize                   = 64                                        {product} {ergonomic}
   size_t InitialHeapSize                          = 134217728                                 {product} {ergonomic}
   size_t MarkStackSize                            = 4194304                                   {product} {ergonomic}
   size_t MaxHeapSize                              = 2132803584                                {product} {ergonomic}
   size_t MinHeapDeltaBytes                        = 1048576                                   {product} {ergonomic}
   size_t MinHeapSize                              = 8388608                                   {product} {ergonomic}
    uintx NonNMethodCodeHeapSize                   = 5832780                                {pd product} {ergonomic}
    uintx NonProfiledCodeHeapSize                  = 122912730                              {pd product} {ergonomic}
    uintx ProfiledCodeHeapSize                     = 122912730                              {pd product} {ergonomic}
    uintx ReservedCodeCacheSize                    = 251658240                              {pd product} {ergonomic}
     bool SegmentedCodeCache                       = true                                      {product} {ergonomic}
     bool ShowCodeDetailsInExceptionMessages       = true                                   {manageable} {command line}
   size_t SoftMaxHeapSize                          = 2132803584                             {manageable} {ergonomic}
     bool UseCompressedClassPointers               = true                           {product lp64_product} {ergonomic}
     bool UseCompressedOops                        = true                           {product lp64_product} {ergonomic}
     bool UseG1GC                                  = true                                      {product} {ergonomic}
     bool UseLargePagesIndividualAllocation        = false                                  {pd product} {ergonomic}

Logging:
Log output configuration:
 #0: stdout all=warning uptime,level,tags foldmultilines=false
 #1: stderr all=off uptime,level,tags foldmultilines=false

Environment Variables:
JAVA_HOME=C:\Program Files\Java\jdk-18.0.2
PATH=C:\Program Files\Common Files\Oracle\Java\javapath;C:\Program Files (x86)\NAT Service;C:\WINDOWS\system32;C:\WINDOWS;C:\WINDOWS\System32\Wbem;C:\WINDOWS\System32\WindowsPowerShell\v1.0\;C:\WINDOWS\System32\OpenSSH\;C:\Program Files\Java\jdk-15.0.1\bin;C:\Program Files (x86)\NVIDIA Corporation\PhysX\Common;C:\Program Files\NVIDIA Corporation\NVIDIA NvDLISR;C:\Program Files\Java\jdk1.8.0_271\bin;C:\Users\win7\AppData\Roaming\nvm;C:\Program Files\nodejs;C:\Program Files\Git\cmd;C:\ProgramData\chocolatey\bin;C:\Program Files\OpenJDK\openjdk-8u332-b09\bin;E:\sdk\platform-tools;C:\Program Files\Java\jdk-18.0.2\bin;C:\Users\win7\AppData\Local\Microsoft\WindowsApps;C:\Users\win7\AppData\Local\atom\bin;C:\Users\win7\AppData\Local\afreeca;E:\Microsoft VS Code\bin;C:\Users\win7\AppData\Roaming\npm;C:\Users\win7\AppData\Roaming\nvm;C:\Program Files\nodejs;C:\Users\win7\AppData\Local\GitHubDesktop\bin;C:\Program Files\heroku\bin;C:\Program Files\Git\cmd;C:\Program Files\mysql-8.0.29-winx64\bin;C:\Program Files\MySQL\MySQL Server 8.0\bin;
USERNAME=win7
OS=Windows_NT
PROCESSOR_IDENTIFIER=Intel64 Family 6 Model 60 Stepping 3, GenuineIntel



---------------  S Y S T E M  ---------------

OS:
 Windows 10 , 64 bit Build 18362 (10.0.18362.1500)
OS uptime: 3 days 21:44 hours

CPU: total 4 (initial active 4) (4 cores per cpu, 1 threads per core) family 6 model 60 stepping 3 microcode 0x28, cx8, cmov, fxsr, mmx, sse, sse2, sse3, ssse3, sse4.1, sse4.2, popcnt, lzcnt, tsc, tscinvbit, avx, avx2, aes, erms, clmul, bmi1, bmi2, fma, vzeroupper, clflush

Memory: 4k page, system-wide physical 8130M (2068M free)
TotalPageFile size 15776M (AvailPageFile size 5M)
current process WorkingSet (physical memory assigned to process): 10M, peak: 10M
current process commit charge ("private bytes"): 52M, peak: 180M

vm_info: Java HotSpot(TM) 64-Bit Server VM (18.0.2+9-61) for windows-amd64 JRE (18.0.2+9-61), built on Jun  7 2022 13:09:01 by "mach5one" with MS VC++ 16.8 / 16.9 (VS2019)

END.
